Information: ddcbd8 locked by 7897c9fe-df9d-4b11-9d91-296d3ec8f00e and set title 'testing'
Information: ddcbd8 locked by 7897c9fe-df9d-4b11-9d91-296d3ec8f00e and set title 'testing'
Information: ddcbd8 locked by 7897c9fe-df9d-4b11-9d91-296d3ec8f00e and set title 'testing'
Information: Connected 'fdba95e8-5a0b-4d65-b165-f4e6b63ba80d: Ant [observer]'
Information: 4fcc75 locked by fdba95e8-5a0b-4d65-b165-f4e6b63ba80d and set title 'th'
Information: 4fcc75 locked by fdba95e8-5a0b-4d65-b165-f4e6b63ba80d and set title 'thi'
Information: 4fcc75 locked by fdba95e8-5a0b-4d65-b165-f4e6b63ba80d and set title 'thi'
Information: 4fcc75 locked by fdba95e8-5a0b-4d65-b165-f4e6b63ba80d and set title 'this'
Information: 4fcc75 locked by fdba95e8-5a0b-4d65-b165-f4e6b63ba80d and set title 'this '
Information: 4fcc75 locked by fdba95e8-5a0b-4d65-b165-f4e6b63ba80d and set title 'this t'
Information: 4fcc75 locked by fdba95e8-5a0b-4d65-b165-f4e6b63ba80d and set title 'this top'
Information: 4fcc75 locked by fdba95e8-5a0b-4d65-b165-f4e6b63ba80d and set title 'this top'
Information: 4fcc75 locked by fdba95e8-5a0b-4d65-b165-f4e6b63ba80d and set title 'this topi'
Information: 4fcc75 locked by fdba95e8-5a0b-4d65-b165-f4e6b63ba80d and set title 'this topic'
Information: Connected '9a885abf-35c9-4afb-8670-a00cffb4297b: Ant '
Information: Connected 'c8e550a2-fbcc-4630-b1a5-b4d28d5fac1c: Ant [observer]'
Information: Connected '93cf4b48-273f-4662-b03b-6de822af96ac: Bob [observer]'
Information: Connected 'c8e550a2-fbcc-4630-b1a5-b4d28d5fac1c: Ant '
Information: Connected 'fad6686d-f767-421b-b74f-0efc4cd28b11: Ant [observer]'
Information: Connected '93cf4b48-273f-4662-b03b-6de822af96ac: Bob '
Information: bcf272 locked by fad6686d-f767-421b-b74f-0efc4cd28b11 and set title 'te'
Information: bcf272 locked by fad6686d-f767-421b-b74f-0efc4cd28b11 and set title 'te'
Information: bcf272 locked by fad6686d-f767-421b-b74f-0efc4cd28b11 and set title 'test'
Information: bcf272 locked by fad6686d-f767-421b-b74f-0efc4cd28b11 and set title 'test'
Information: Connected '7dffc8b9-5d3b-41c5-bb4a-a23a0cce6393: AJ [observer]'
Information: Connected 'fad6686d-f767-421b-b74f-0efc4cd28b11: Ant '
Information: Connected '93cf4b48-273f-4662-b03b-6de822af96ac: Bob [observer]'
Information: Connected 'd306a2a5-ca78-4785-8f9d-78023aa1be4b: AJ '
Information: Connected 'fad6686d-f767-421b-b74f-0efc4cd28b11: Ant [observer]'
Information: Connected '93cf4b48-273f-4662-b03b-6de822af96ac: Bob '
Information: Connected '422cb3cb-fc29-453e-ada4-de8998811021: Ant '
Information: Connected '422cb3cb-fc29-453e-ada4-de8998811021: Ant [observer]'
Information: cf842c locked by 422cb3cb-fc29-453e-ada4-de8998811021 and set title 'k'
Information: cf842c locked by 422cb3cb-fc29-453e-ada4-de8998811021 and set title 'ko'
Information: cf842c locked by 422cb3cb-fc29-453e-ada4-de8998811021 and set title 'koas'
Information: cf842c locked by 422cb3cb-fc29-453e-ada4-de8998811021 and set title 'koasd'
Information: cf842c locked by 422cb3cb-fc29-453e-ada4-de8998811021 and set title 'koasd'
Information: cf842c locked by 422cb3cb-fc29-453e-ada4-de8998811021 and set title 'koasdj'
Information: cf842c locked by 422cb3cb-fc29-453e-ada4-de8998811021 and set title 'koasdjl'
Information: cf842c locked by 422cb3cb-fc29-453e-ada4-de8998811021 and set title 'koasdjlsa'
Information: cf842c locked by 422cb3cb-fc29-453e-ada4-de8998811021 and set title 'koasdjlsa'
Information: cf842c locked by 422cb3cb-fc29-453e-ada4-de8998811021 and set title 'koasdjlsad'
Information: Connected '422cb3cb-fc29-453e-ada4-de8998811021: Ant '
Information: cf842c locked by 422cb3cb-fc29-453e-ada4-de8998811021 and set title ''
Information: cf842c locked by 422cb3cb-fc29-453e-ada4-de8998811021 and set title 'd'
Information: Disconnected '422cb3cb-fc29-453e-ada4-de8998811021'
Information: Connected '93cf4b48-273f-4662-b03b-6de822af96ac: Bob [observer]'
Information: bcf272 locked by 93cf4b48-273f-4662-b03b-6de822af96ac and set title 'a'
Information: bcf272 locked by 93cf4b48-273f-4662-b03b-6de822af96ac and set title 'aa'
Information: bcf272 locked by 93cf4b48-273f-4662-b03b-6de822af96ac and set title 'aas'
Information: bcf272 locked by 93cf4b48-273f-4662-b03b-6de822af96ac and set title 'aasd'
Information: bcf272 locked by 93cf4b48-273f-4662-b03b-6de822af96ac and set title 'aasdas'
Information: Connected '93cf4b48-273f-4662-b03b-6de822af96ac: Bob '
Information: bcf272 locked by 93cf4b48-273f-4662-b03b-6de822af96ac and set title ''
Information: Connected '0d686072-c522-4991-8e68-2fbf467be7a7: incog [observer]'
Information: Connected '93cf4b48-273f-4662-b03b-6de822af96ac: Bob [observer]'
Information: bcf272 locked by 0d686072-c522-4991-8e68-2fbf467be7a7 and set title 'a'
Information: bcf272 locked by 0d686072-c522-4991-8e68-2fbf467be7a7 and set title 'as'
Information: bcf272 locked by 0d686072-c522-4991-8e68-2fbf467be7a7 and set title 'asd'
Information: bcf272 locked by 0d686072-c522-4991-8e68-2fbf467be7a7 and set title 'asda'
Information: bcf272 locked by 0d686072-c522-4991-8e68-2fbf467be7a7 and set title 'asdas'
Information: bcf272 locked by 0d686072-c522-4991-8e68-2fbf467be7a7 and set title 'asdasd'
Information: Connected '0d686072-c522-4991-8e68-2fbf467be7a7: incog '
Information: Connected '93cf4b48-273f-4662-b03b-6de822af96ac: Bob '
Information: bcf272 locked by 0d686072-c522-4991-8e68-2fbf467be7a7 and set title 'as'
Information: bcf272 locked by 0d686072-c522-4991-8e68-2fbf467be7a7 and set title 'asd'
Information: bcf272 locked by 0d686072-c522-4991-8e68-2fbf467be7a7 and set title 'asd'
Information: bcf272 locked by 0d686072-c522-4991-8e68-2fbf467be7a7 and set title 'asdas'
Information: bcf272 locked by 0d686072-c522-4991-8e68-2fbf467be7a7 and set title 'asdasd'
Information: bcf272 locked by 0d686072-c522-4991-8e68-2fbf467be7a7 and set title 'asdasd'
Information: Connected '0d686072-c522-4991-8e68-2fbf467be7a7: incog [observer]'
Information: Connected '93cf4b48-273f-4662-b03b-6de822af96ac: Bob [observer]'
Information: bcf272 locked by 0d686072-c522-4991-8e68-2fbf467be7a7 and set title 's'
Information: bcf272 locked by 0d686072-c522-4991-8e68-2fbf467be7a7 and set title 'sd'
Information: bcf272 locked by 0d686072-c522-4991-8e68-2fbf467be7a7 and set title 'sdaw'
Information: bcf272 locked by 0d686072-c522-4991-8e68-2fbf467be7a7 and set title 'sdaw'
Information: bcf272 locked by 0d686072-c522-4991-8e68-2fbf467be7a7 and set title 'sdawd'
Information: bcf272 locked by 0d686072-c522-4991-8e68-2fbf467be7a7 and set title 'sdawdw'
Information: bcf272 locked by 0d686072-c522-4991-8e68-2fbf467be7a7 and set title 'sdawdwd'
Information: bcf272 locked by 0d686072-c522-4991-8e68-2fbf467be7a7 and set title 'sdawdwdwd'
Information: bcf272 locked by 0d686072-c522-4991-8e68-2fbf467be7a7 and set title 'sdawdwdwd'
Information: bcf272 locked by 0d686072-c522-4991-8e68-2fbf467be7a7 and set title 'sdawdwdwdwd'
Information: Connected '0d686072-c522-4991-8e68-2fbf467be7a7: incog '
Information: Connected '93cf4b48-273f-4662-b03b-6de822af96ac: Bob '
Information: bcf272 locked by 0d686072-c522-4991-8e68-2fbf467be7a7 and set title 'wwwwwww'
Information: bcf272 locked by 0d686072-c522-4991-8e68-2fbf467be7a7 and set title 'wwwwwwwd'
Information: bcf272 locked by 0d686072-c522-4991-8e68-2fbf467be7a7 and set title 'wwwwwwwdwd'
Information: bcf272 locked by 0d686072-c522-4991-8e68-2fbf467be7a7 and set title 'wwwwwwwdwd'
Information: bcf272 locked by 0d686072-c522-4991-8e68-2fbf467be7a7 and set title 'wwwwwwwdwdwd'
Information: bcf272 locked by 0d686072-c522-4991-8e68-2fbf467be7a7 and set title 'wwwwwwwdwdwd'
Information: Connected '0d686072-c522-4991-8e68-2fbf467be7a7: incog [observer]'
Information: Connected '0d686072-c522-4991-8e68-2fbf467be7a7: incog [observer]'
Information: Connected '0a55a8dd-5061-4c12-815f-ec7de6e912c0: Bob [observer]'
Information: bcf272 locked by 0d686072-c522-4991-8e68-2fbf467be7a7 and set title 't'
Information: bcf272 locked by 0d686072-c522-4991-8e68-2fbf467be7a7 and set title 'th'
Information: bcf272 locked by 0d686072-c522-4991-8e68-2fbf467be7a7 and set title 'thi'
Information: bcf272 locked by 0d686072-c522-4991-8e68-2fbf467be7a7 and set title 'this'
Information: bcf272 locked by 0d686072-c522-4991-8e68-2fbf467be7a7 and set title 'thisi'
Information: bcf272 locked by 0d686072-c522-4991-8e68-2fbf467be7a7 and set title 'thisis'
Information: Connected '0d686072-c522-4991-8e68-2fbf467be7a7: incog '
Information: bcf272 locked by 0d686072-c522-4991-8e68-2fbf467be7a7 and set title 'thisisis'
Information: bcf272 locked by 0d686072-c522-4991-8e68-2fbf467be7a7 and set title 'thisisisi'
Information: bcf272 locked by 0d686072-c522-4991-8e68-2fbf467be7a7 and set title 'thisisisie'
Information: bcf272 locked by 0d686072-c522-4991-8e68-2fbf467be7a7 and set title 'thisisisiel'
Information: bcf272 locked by 0d686072-c522-4991-8e68-2fbf467be7a7 and set title 'thisisisielr'
Information: bcf272 locked by 0d686072-c522-4991-8e68-2fbf467be7a7 and set title 'thisisisielrj'
Information: bcf272 locked by 0d686072-c522-4991-8e68-2fbf467be7a7 and set title 'thisisisielrjf'
Information: bcf272 locked by 0d686072-c522-4991-8e68-2fbf467be7a7 and set title 'thisisisielrjfk'
Information: bcf272 locked by 0d686072-c522-4991-8e68-2fbf467be7a7 and set title 'thisisisielrjfkf'
Information: bcf272 locked by 0d686072-c522-4991-8e68-2fbf467be7a7 and set title 'thisisisielrjfkfl'
Information: Connected '0d686072-c522-4991-8e68-2fbf467be7a7: incog [observer]'
Information: bcf272 locked by 0d686072-c522-4991-8e68-2fbf467be7a7 and set title 'thisisisielrjfkflsk'
Information: bcf272 locked by 0d686072-c522-4991-8e68-2fbf467be7a7 and set title 'thisisisielrjfkflskd'
Information: bcf272 locked by 0d686072-c522-4991-8e68-2fbf467be7a7 and set title 'thisisisielrjfkflskdj'
Information: bcf272 locked by 0d686072-c522-4991-8e68-2fbf467be7a7 and set title 'thisisisielrjfkflskdjf'
Information: bcf272 locked by 0d686072-c522-4991-8e68-2fbf467be7a7 and set title 'thisisisielrjfkflskdjfu'
Information: bcf272 locked by 0d686072-c522-4991-8e68-2fbf467be7a7 and set title 'thisisisielrjfkflskdjfur'
Information: bcf272 locked by 0d686072-c522-4991-8e68-2fbf467be7a7 and set title 'thisisisielrjfkflskdjfurj'
Information: bcf272 locked by 0d686072-c522-4991-8e68-2fbf467be7a7 and set title 'thisisisielrjfkflskdjfurju'
Information: bcf272 locked by 0d686072-c522-4991-8e68-2fbf467be7a7 and set title 'thisisisielrjfkflskdjfurjur'
Information: bcf272 locked by 0d686072-c522-4991-8e68-2fbf467be7a7 and set title 'thisisisielrjfkflskdjfurjurj'
Information: Connected '0d686072-c522-4991-8e68-2fbf467be7a7: incog '
Information: bcf272 locked by 0d686072-c522-4991-8e68-2fbf467be7a7 and set title 'thisisisielrjfkflskdjfurjurjfn'
Information: Connected '0d686072-c522-4991-8e68-2fbf467be7a7: incog [observer]'
Information: Connected '0a55a8dd-5061-4c12-815f-ec7de6e912c0: Bob '
Information: Connected '0d686072-c522-4991-8e68-2fbf467be7a7: incog '
Information: Connected '0a55a8dd-5061-4c12-815f-ec7de6e912c0: Bob [observer]'
Information: bcf272 locked by 0d686072-c522-4991-8e68-2fbf467be7a7 and set title 'd'
Information: bcf272 locked by 0d686072-c522-4991-8e68-2fbf467be7a7 and set title 'df'
Information: bcf272 locked by 0d686072-c522-4991-8e68-2fbf467be7a7 and set title 'dff'
Information: bcf272 locked by 0d686072-c522-4991-8e68-2fbf467be7a7 and set title 'dffew'
Information: bcf272 locked by 0d686072-c522-4991-8e68-2fbf467be7a7 and set title 'dffew'
Information: bcf272 locked by 0d686072-c522-4991-8e68-2fbf467be7a7 and set title 'dffewf'
Information: bcf272 locked by 0d686072-c522-4991-8e68-2fbf467be7a7 and set title 'dffewfer'
Information: bcf272 locked by 0d686072-c522-4991-8e68-2fbf467be7a7 and set title 'dffewferf'
Information: bcf272 locked by 0d686072-c522-4991-8e68-2fbf467be7a7 and set title 'dffewferfe'
Information: bcf272 locked by 0d686072-c522-4991-8e68-2fbf467be7a7 and set title 'dffewferferf'
Information: bcf272 locked by 0d686072-c522-4991-8e68-2fbf467be7a7 and set title 'dffewferferf'
Information: bcf272 locked by 0d686072-c522-4991-8e68-2fbf467be7a7 and set title 'dffewferferf'
Information: Connected '0d686072-c522-4991-8e68-2fbf467be7a7: incog [observer]'
Information: bcf272 locked by 0d686072-c522-4991-8e68-2fbf467be7a7 and set title 'dffewferferfrf'
Information: bcf272 locked by 0d686072-c522-4991-8e68-2fbf467be7a7 and set title 'dffewferferfrfef'
Information: bcf272 locked by 0d686072-c522-4991-8e68-2fbf467be7a7 and set title 'dffewferferfrfefw'
Information: bcf272 locked by 0d686072-c522-4991-8e68-2fbf467be7a7 and set title 'dffewferferfrfefw'
Information: bcf272 locked by 0d686072-c522-4991-8e68-2fbf467be7a7 and set title 'dffewferferfrfefwf'
Information: bcf272 locked by 0d686072-c522-4991-8e68-2fbf467be7a7 and set title 'dffewferferfrfefwfwe'
Information: bcf272 locked by 0d686072-c522-4991-8e68-2fbf467be7a7 and set title 'dffewferferfrfefwfwe'
Information: bcf272 locked by 0d686072-c522-4991-8e68-2fbf467be7a7 and set title 'dffewferferfrfefwfwefw'
Information: bcf272 locked by 0d686072-c522-4991-8e68-2fbf467be7a7 and set title 'dffewferferfrfefwfwefw'
Information: bcf272 locked by 0d686072-c522-4991-8e68-2fbf467be7a7 and set title 'dffewferferfrfefwfwefwf'
Information: Connected '0d686072-c522-4991-8e68-2fbf467be7a7: incog '
Information: bcf272 locked by 0d686072-c522-4991-8e68-2fbf467be7a7 and set title 'dffewferferfrfefwfwefwfwfw'
Information: bcf272 locked by 0d686072-c522-4991-8e68-2fbf467be7a7 and set title 'dffewferferfrfefwfwefwfwfwf'
Information: bcf272 locked by 0d686072-c522-4991-8e68-2fbf467be7a7 and set title 'dffewferferfrfefwfwefwfwfwf'
Information: bcf272 locked by 0d686072-c522-4991-8e68-2fbf467be7a7 and set title 'dffewferferfrfefwfwefwfwfwfw'
Information: bcf272 locked by 0d686072-c522-4991-8e68-2fbf467be7a7 and set title 'dffewferferfrfefwfwefwfwfwfwf'
Information: bcf272 locked by 0d686072-c522-4991-8e68-2fbf467be7a7 and set title 'dffewferferfrfefwfwefwfwfwfwfw'
Information: bcf272 locked by 0d686072-c522-4991-8e68-2fbf467be7a7 and set title 'dffewferferfrfefwfwefwfwfwfwfwf'
Information: Connected '0d686072-c522-4991-8e68-2fbf467be7a7: incog [observer]'
Information: bcf272 locked by 0d686072-c522-4991-8e68-2fbf467be7a7 and set title 'dffewferferfrfefwfwefwfwfwfwfwfwfw'
Information: bcf272 locked by 0d686072-c522-4991-8e68-2fbf467be7a7 and set title 'dffewferferfrfefwfwefwfwfwfwfwfwfwf'
Information: bcf272 locked by 0d686072-c522-4991-8e68-2fbf467be7a7 and set title 'dffewferferfrfefwfwefwfwfwfwfwfwfwf'
Information: bcf272 locked by 0d686072-c522-4991-8e68-2fbf467be7a7 and set title 'dffewferferfrfefwfwefwfwfwfwfwfwfwfw'
Information: bcf272 locked by 0d686072-c522-4991-8e68-2fbf467be7a7 and set title 'dffewferferfrfefwfwefwfwfwfwfwfwfwfwf'
Information: Connected '0d686072-c522-4991-8e68-2fbf467be7a7: incog '
Information: Connected '0d686072-c522-4991-8e68-2fbf467be7a7: incog [observer]'
Information: Connected '0a55a8dd-5061-4c12-815f-ec7de6e912c0: Bob '
Information: Connected '0d686072-c522-4991-8e68-2fbf467be7a7: incog '
Information: Connected '0a55a8dd-5061-4c12-815f-ec7de6e912c0: Bob [observer]'
Information: bcf272 locked by 0d686072-c522-4991-8e68-2fbf467be7a7 and set title 'l'
Information: bcf272 locked by 0d686072-c522-4991-8e68-2fbf467be7a7 and set title 'll'
Information: bcf272 locked by 0d686072-c522-4991-8e68-2fbf467be7a7 and set title 'lll'
Information: 0d686072-c522-4991-8e68-2fbf467be7a7 updated 0a55a8dd-5061-4c12-815f-ec7de6e912c0
Information: Connected '9d0943d7-e7d7-4cba-9a5c-a2eaa0bcb804: AJ [observer]'
Information: Connected '0a55a8dd-5061-4c12-815f-ec7de6e912c0: Bob [observer]'
Information: bcf272 locked by 9d0943d7-e7d7-4cba-9a5c-a2eaa0bcb804 and set title 'h'
Information: bcf272 locked by 9d0943d7-e7d7-4cba-9a5c-a2eaa0bcb804 and set title 'he'
Information: Connected '9d0943d7-e7d7-4cba-9a5c-a2eaa0bcb804: AJ '
Information: bcf272 locked by 9d0943d7-e7d7-4cba-9a5c-a2eaa0bcb804 and set title 'hell'
Information: bcf272 locked by 9d0943d7-e7d7-4cba-9a5c-a2eaa0bcb804 and set title 'hello'
Information: bcf272 locked by 9d0943d7-e7d7-4cba-9a5c-a2eaa0bcb804 and set title 'hello'
Information: Disconnected '9d0943d7-e7d7-4cba-9a5c-a2eaa0bcb804'
Information: Connected '61ff9138-214f-4e3d-a737-f6042afaf869: AJ [observer]'
Information: Connected '0a55a8dd-5061-4c12-815f-ec7de6e912c0: Bob '
Information: Connected '61ff9138-214f-4e3d-a737-f6042afaf869: AJ '
Information: Connected '0a55a8dd-5061-4c12-815f-ec7de6e912c0: Bob [observer]'
Information: Connected '61ff9138-214f-4e3d-a737-f6042afaf869: AJ [observer]'
Information: bcf272 locked by 0a55a8dd-5061-4c12-815f-ec7de6e912c0 and set title 'e'
Information: bcf272 locked by 0a55a8dd-5061-4c12-815f-ec7de6e912c0 and set title 'ey'
Information: Connected '46df8ba8-a344-4a8d-9ae2-bebd22fe1ed8: AJ '
Information: Connected '0a55a8dd-5061-4c12-815f-ec7de6e912c0: Bob '
Information: Connected '46df8ba8-a344-4a8d-9ae2-bebd22fe1ed8: AJ [observer]'
Information: Connected '0a55a8dd-5061-4c12-815f-ec7de6e912c0: Bob [observer]'
Information: bcf272 locked by 46df8ba8-a344-4a8d-9ae2-bebd22fe1ed8 and set title 'e'
Information: bcf272 locked by 46df8ba8-a344-4a8d-9ae2-bebd22fe1ed8 and set title 'eh'
Information: bcf272 locked by 46df8ba8-a344-4a8d-9ae2-bebd22fe1ed8 and set title 'eh '
Information: bcf272 locked by 46df8ba8-a344-4a8d-9ae2-bebd22fe1ed8 and set title 'eh u'
Information: bcf272 locked by 46df8ba8-a344-4a8d-9ae2-bebd22fe1ed8 and set title 'eh u['
Information: bcf272 locked by 46df8ba8-a344-4a8d-9ae2-bebd22fe1ed8 and set title 'eh u'
Information: bcf272 locked by 46df8ba8-a344-4a8d-9ae2-bebd22fe1ed8 and set title 'eh up'
Information: Connected '46df8ba8-a344-4a8d-9ae2-bebd22fe1ed8: AJ '
Information: Connected '46df8ba8-a344-4a8d-9ae2-bebd22fe1ed8: AJ '
Information: Connected '0a55a8dd-5061-4c12-815f-ec7de6e912c0: Bob '
Information: Connected '0a55a8dd-5061-4c12-815f-ec7de6e912c0: Bob '
Information: Connected '9e36b633-12de-474e-8512-67662f3df4ad: Bob [observer]'
Information: 29bbce locked by 9e36b633-12de-474e-8512-67662f3df4ad and set title 'a'
Information: 29bbce locked by 9e36b633-12de-474e-8512-67662f3df4ad and set title 'as'
Information: Connected '9e36b633-12de-474e-8512-67662f3df4ad: Bob '
Information: 29bbce locked by 9e36b633-12de-474e-8512-67662f3df4ad and set title 'asgg'
Information: Connected 'b73097f2-f45c-48cc-943d-34b5b221ccb2: gaz [observer]'
Information: Connected '9e36b633-12de-474e-8512-67662f3df4ad: Bob [observer]'
Information: Connected 'b73097f2-f45c-48cc-943d-34b5b221ccb2: gaz '
Information: Connected '9e36b633-12de-474e-8512-67662f3df4ad: Bob '
Information: 29bbce locked by b73097f2-f45c-48cc-943d-34b5b221ccb2 and set title 'as'
Information: 29bbce locked by b73097f2-f45c-48cc-943d-34b5b221ccb2 and set title 'asd'
Information: 29bbce locked by b73097f2-f45c-48cc-943d-34b5b221ccb2 and set title 'asd'
Information: 29bbce locked by b73097f2-f45c-48cc-943d-34b5b221ccb2 and set title 'asdasd'
Information: 29bbce locked by b73097f2-f45c-48cc-943d-34b5b221ccb2 and set title 'asdasd'
Information: 29bbce locked by b73097f2-f45c-48cc-943d-34b5b221ccb2 and set title 'asdasda'
Information: 29bbce locked by b73097f2-f45c-48cc-943d-34b5b221ccb2 and set title 'asdasdasd'
Information: 29bbce locked by b73097f2-f45c-48cc-943d-34b5b221ccb2 and set title 'asdasdasd'
Information: 29bbce locked by b73097f2-f45c-48cc-943d-34b5b221ccb2 and set title 'asdasdasda'
Information: 29bbce locked by b73097f2-f45c-48cc-943d-34b5b221ccb2 and set title 'asdasdasdasd'
Information: 29bbce locked by b73097f2-f45c-48cc-943d-34b5b221ccb2 and set title 'asdasdasdasd'
Information: 29bbce locked by b73097f2-f45c-48cc-943d-34b5b221ccb2 and set title 'asdasdasdasdas'
Information: 29bbce locked by b73097f2-f45c-48cc-943d-34b5b221ccb2 and set title 'asdasdasdasdasd'
Information: 29bbce locked by b73097f2-f45c-48cc-943d-34b5b221ccb2 and set title 'asdasdasdasdasd'
Information: Connected 'b73097f2-f45c-48cc-943d-34b5b221ccb2: gaz [observer]'
Information: 29bbce locked by b73097f2-f45c-48cc-943d-34b5b221ccb2 and set title 'asdasdasdasdasdasc'
Information: 29bbce locked by b73097f2-f45c-48cc-943d-34b5b221ccb2 and set title 'asdasdasdasdasdasc'
Information: 29bbce locked by b73097f2-f45c-48cc-943d-34b5b221ccb2 and set title 'asdasdasdasdasdascas'
Information: 29bbce locked by b73097f2-f45c-48cc-943d-34b5b221ccb2 and set title 'asdasdasdasdasdascas'
Information: 29bbce locked by b73097f2-f45c-48cc-943d-34b5b221ccb2 and set title 'asdasdasdasdasdascasdf'
Information: 29bbce locked by b73097f2-f45c-48cc-943d-34b5b221ccb2 and set title 'asdasdasdasdasdascasdfwq'
Information: 29bbce locked by b73097f2-f45c-48cc-943d-34b5b221ccb2 and set title 'asdasdasdasdasdascasdfwq'
Information: 29bbce locked by b73097f2-f45c-48cc-943d-34b5b221ccb2 and set title 'asdasdasdasdasdascasdfwqe'
Information: 29bbce locked by b73097f2-f45c-48cc-943d-34b5b221ccb2 and set title 'asdasdasdasdasdascasdfwqe'
Information: 29bbce locked by b73097f2-f45c-48cc-943d-34b5b221ccb2 and set title 'asdasdasdasdasdascasdfwqef'
Information: 29bbce locked by b73097f2-f45c-48cc-943d-34b5b221ccb2 and set title 'asdasdasdasdasdascasdfwqefas'
Information: 29bbce locked by b73097f2-f45c-48cc-943d-34b5b221ccb2 and set title 'asdasdasdasdasdascasdfwqefasd'
Information: 29bbce locked by b73097f2-f45c-48cc-943d-34b5b221ccb2 and set title 'asdasdasdasdasdascasdfwqefasdf'
Information: 29bbce locked by b73097f2-f45c-48cc-943d-34b5b221ccb2 and set title 'asdasdasdasdasdascasdfwqefasdf'
Information: 29bbce locked by b73097f2-f45c-48cc-943d-34b5b221ccb2 and set title 'asdasdasdasdasdascasdfwqefasdfsd'
Information: 29bbce locked by b73097f2-f45c-48cc-943d-34b5b221ccb2 and set title 'asdasdasdasdasdascasdfwqefasdfsd'
Information: 29bbce locked by b73097f2-f45c-48cc-943d-34b5b221ccb2 and set title 'asdasdasdasdasdascasdfwqefasdfsdsf'
Information: 29bbce locked by b73097f2-f45c-48cc-943d-34b5b221ccb2 and set title 'asdasdasdasdasdascasdfwqefasdfsdsf'
Information: 29bbce locked by b73097f2-f45c-48cc-943d-34b5b221ccb2 and set title 'asdasdasdasdasdascasdfwqefasdfsdsfs'
Information: 29bbce locked by b73097f2-f45c-48cc-943d-34b5b221ccb2 and set title 'asdasdasdasdasdascasdfwqefasdfsdsfsd'
Information: 29bbce locked by b73097f2-f45c-48cc-943d-34b5b221ccb2 and set title 'asdasdasdasdasdascasdfwqefasdfsdsfsdf'
Information: 29bbce locked by b73097f2-f45c-48cc-943d-34b5b221ccb2 and set title 'asdasdasdasdasdascasdfwqefasdfsdsfsdfs'
Information: 29bbce locked by b73097f2-f45c-48cc-943d-34b5b221ccb2 and set title 'asdasdasdasdasdascasdfwqefasdfsdsfsdfsdf'
Information: 29bbce locked by b73097f2-f45c-48cc-943d-34b5b221ccb2 and set title 'asdasdasdasdasdascasdfwqefasdfsdsfsdfsdf'
Information: 29bbce locked by b73097f2-f45c-48cc-943d-34b5b221ccb2 and set title 'asdasdasdasdasdascasdfwqefasdfsdsfsdfsdfs'
Information: Connected 'b73097f2-f45c-48cc-943d-34b5b221ccb2: gaz '
Information: 29bbce locked by b73097f2-f45c-48cc-943d-34b5b221ccb2 and set title 'asdasdasdasdasdascasdfwqefasdfsdsfsdfsdfsdf'
Information: 29bbce locked by b73097f2-f45c-48cc-943d-34b5b221ccb2 and set title 'asdasdasdasdasdascasdfwqefasdfsdsfsdfsdfsdf'
Information: 29bbce locked by b73097f2-f45c-48cc-943d-34b5b221ccb2 and set title 'asdasdasdasdasdascasdfwqefasdfsdsfsdfsdfsdfsd'
Information: 29bbce locked by b73097f2-f45c-48cc-943d-34b5b221ccb2 and set title 'asdasdasdasdasdascasdfwqefasdfsdsfsdfsdfsdfsdf'
Information: 29bbce locked by b73097f2-f45c-48cc-943d-34b5b221ccb2 and set title 'asdasdasdasdasdascasdfwqefasdfsdsfsdfsdfsdfsdf'
Information: Connected 'b73097f2-f45c-48cc-943d-34b5b221ccb2: gaz [observer]'
Information: Connected '9e36b633-12de-474e-8512-67662f3df4ad: Bob [observer]'
Information: 29bbce locked by b73097f2-f45c-48cc-943d-34b5b221ccb2 and set title 'd'
Information: 29bbce locked by b73097f2-f45c-48cc-943d-34b5b221ccb2 and set title 'd'
Information: 29bbce locked by b73097f2-f45c-48cc-943d-34b5b221ccb2 and set title 'da'
Information: 29bbce locked by b73097f2-f45c-48cc-943d-34b5b221ccb2 and set title 'daa'
Information: b73097f2-f45c-48cc-943d-34b5b221ccb2 updated b73097f2-f45c-48cc-943d-34b5b221ccb2
Information: Connected 'b73097f2-f45c-48cc-943d-34b5b221ccb2: gaz [observer]'
Information: 29bbce locked by b73097f2-f45c-48cc-943d-34b5b221ccb2 and set title 'daaasd'
Information: 29bbce locked by b73097f2-f45c-48cc-943d-34b5b221ccb2 and set title 'daaasd'
Information: 29bbce locked by b73097f2-f45c-48cc-943d-34b5b221ccb2 and set title 'daaasdd'
Information: 29bbce locked by b73097f2-f45c-48cc-943d-34b5b221ccb2 and set title 'daaasddas'
Information: 29bbce locked by b73097f2-f45c-48cc-943d-34b5b221ccb2 and set title 'daaasddasd'
Information: 29bbce locked by b73097f2-f45c-48cc-943d-34b5b221ccb2 and set title 'daaasddasd'
Information: 29bbce locked by b73097f2-f45c-48cc-943d-34b5b221ccb2 and set title 'daaasddasdas'
Information: 29bbce locked by b73097f2-f45c-48cc-943d-34b5b221ccb2 and set title 'daaasddasdasd'
Information: 29bbce locked by b73097f2-f45c-48cc-943d-34b5b221ccb2 and set title 'daaasddasdasd'
Information: 29bbce locked by b73097f2-f45c-48cc-943d-34b5b221ccb2 and set title 'daaasddasdasdas'
Information: Connected 'b73097f2-f45c-48cc-943d-34b5b221ccb2: gaz '
Information: 29bbce locked by b73097f2-f45c-48cc-943d-34b5b221ccb2 and set title 'daaasddasdasdasd'
Information: 29bbce locked by b73097f2-f45c-48cc-943d-34b5b221ccb2 and set title 'daaasddasdasdasdas'
Information: 29bbce locked by b73097f2-f45c-48cc-943d-34b5b221ccb2 and set title 'daaasddasdasdasdasd'
Information: 29bbce locked by b73097f2-f45c-48cc-943d-34b5b221ccb2 and set title 'daaasddasdasdasdasda'
Information: 29bbce locked by b73097f2-f45c-48cc-943d-34b5b221ccb2 and set title 'daaasddasdasdasdasdas'
Information: 29bbce locked by b73097f2-f45c-48cc-943d-34b5b221ccb2 and set title 'daaasddasdasdasdasdasd'
Information: 29bbce locked by b73097f2-f45c-48cc-943d-34b5b221ccb2 and set title 'daaasddasdasdasdasdasda'
Information: 29bbce locked by b73097f2-f45c-48cc-943d-34b5b221ccb2 and set title 'daaasddasdasdasdasdasdas'
Information: 29bbce locked by b73097f2-f45c-48cc-943d-34b5b221ccb2 and set title 'daaasddasdasdasdasdasdasd'
Information: 29bbce locked by b73097f2-f45c-48cc-943d-34b5b221ccb2 and set title 'daaasddasdasdasdasdasdasda'
Information: 29bbce locked by b73097f2-f45c-48cc-943d-34b5b221ccb2 and set title 'daaasddasdasdasdasdasdasdasd'
Information: 29bbce locked by b73097f2-f45c-48cc-943d-34b5b221ccb2 and set title 'daaasddasdasdasdasdasdasdasd'
Information: 29bbce locked by b73097f2-f45c-48cc-943d-34b5b221ccb2 and set title 'daaasddasdasdasdasdasdasdasda'
Information: Connected 'b73097f2-f45c-48cc-943d-34b5b221ccb2: gaz [observer]'
Information: 29bbce locked by b73097f2-f45c-48cc-943d-34b5b221ccb2 and set title 'daaasddasdasdasdasdasdasdasdasa'
Information: 29bbce locked by b73097f2-f45c-48cc-943d-34b5b221ccb2 and set title 'daaasddasdasdasdasdasdasdasdasad'
Information: 29bbce locked by b73097f2-f45c-48cc-943d-34b5b221ccb2 and set title 'daaasddasdasdasdasdasdasdasdasad'
Information: 29bbce locked by b73097f2-f45c-48cc-943d-34b5b221ccb2 and set title 'daaasddasdasdasdasdasdasdasdasadasd'
Information: 29bbce locked by b73097f2-f45c-48cc-943d-34b5b221ccb2 and set title 'daaasddasdasdasdasdasdasdasdasadasd'
Information: 29bbce locked by b73097f2-f45c-48cc-943d-34b5b221ccb2 and set title 'daaasddasdasdasdasdasdasdasdasadasd'
Information: Connected 'b73097f2-f45c-48cc-943d-34b5b221ccb2: gaz '
Information: Connected '9e36b633-12de-474e-8512-67662f3df4ad: Bob '
Information: 29bbce locked by b73097f2-f45c-48cc-943d-34b5b221ccb2 and set title ' '
Information: 29bbce locked by b73097f2-f45c-48cc-943d-34b5b221ccb2 and set title ' a'
Information: 29bbce locked by b73097f2-f45c-48cc-943d-34b5b221ccb2 and set title ' aas'
Information: 29bbce locked by b73097f2-f45c-48cc-943d-34b5b221ccb2 and set title ' aasd'
Information: 29bbce locked by b73097f2-f45c-48cc-943d-34b5b221ccb2 and set title ' aasd'
Information: Connected 'b73097f2-f45c-48cc-943d-34b5b221ccb2: gaz [observer]'
Information: Connected '9e36b633-12de-474e-8512-67662f3df4ad: Bob [observer]'
Information: 29bbce locked by b73097f2-f45c-48cc-943d-34b5b221ccb2 and set title 'a'
Information: Connected 'b73097f2-f45c-48cc-943d-34b5b221ccb2: gaz '
Information: 29bbce locked by b73097f2-f45c-48cc-943d-34b5b221ccb2 and set title 'aaa'
Information: 29bbce locked by b73097f2-f45c-48cc-943d-34b5b221ccb2 and set title 'aaaa'
Information: Connected 'b73097f2-f45c-48cc-943d-34b5b221ccb2: gaz [observer]'
Information: Connected '9e36b633-12de-474e-8512-67662f3df4ad: Bob '
Information: 29bbce locked by b73097f2-f45c-48cc-943d-34b5b221ccb2 and set title 'a'
Information: 29bbce locked by b73097f2-f45c-48cc-943d-34b5b221ccb2 and set title 'aa'
Information: 29bbce locked by b73097f2-f45c-48cc-943d-34b5b221ccb2 and set title 'aaa'
Information: b73097f2-f45c-48cc-943d-34b5b221ccb2 updated b73097f2-f45c-48cc-943d-34b5b221ccb2
Information: 29bbce locked by b73097f2-f45c-48cc-943d-34b5b221ccb2 and set title 'aaaa'
Information: 29bbce locked by b73097f2-f45c-48cc-943d-34b5b221ccb2 and set title 'aaaaa'
Information: 29bbce locked by b73097f2-f45c-48cc-943d-34b5b221ccb2 and set title 'aaaaaa'
Information: 29bbce locked by b73097f2-f45c-48cc-943d-34b5b221ccb2 and set title 'aaaaaaa'
Information: 29bbce locked by b73097f2-f45c-48cc-943d-34b5b221ccb2 and set title 'aaaaaaaa'
Information: 29bbce locked by b73097f2-f45c-48cc-943d-34b5b221ccb2 and set title 'aaaaaaaaa'
Information: b73097f2-f45c-48cc-943d-34b5b221ccb2 updated b73097f2-f45c-48cc-943d-34b5b221ccb2
Information: Connected 'b73097f2-f45c-48cc-943d-34b5b221ccb2: gaz '
Information: 29bbce locked by b73097f2-f45c-48cc-943d-34b5b221ccb2 and set title 'aaaaaaaaaaa'
Information: 29bbce locked by b73097f2-f45c-48cc-943d-34b5b221ccb2 and set title 'aaaaaaaaaaaa'
Information: 29bbce locked by b73097f2-f45c-48cc-943d-34b5b221ccb2 and set title 'aaaaaaaaaaaaa'
Information: 29bbce locked by b73097f2-f45c-48cc-943d-34b5b221ccb2 and set title 'aaaaaaaaaaaaaa'
Information: 29bbce locked by b73097f2-f45c-48cc-943d-34b5b221ccb2 and set title 'aaaaaaaaaaaaaaa'
Information: 29bbce locked by b73097f2-f45c-48cc-943d-34b5b221ccb2 and set title 'aaaaaaaaaaaaaaaa'
Information: 29bbce locked by b73097f2-f45c-48cc-943d-34b5b221ccb2 and set title 'aaaaaaaaaaaaaaaaa'
Information: 29bbce locked by b73097f2-f45c-48cc-943d-34b5b221ccb2 and set title 'aaaaaaaaaaaaaaaaaa'
Information: 29bbce locked by b73097f2-f45c-48cc-943d-34b5b221ccb2 and set title 'aaaaaaaaaaaaaaaaaaa'
Information: 29bbce locked by b73097f2-f45c-48cc-943d-34b5b221ccb2 and set title 'aaaaaaaaaaaaaaaaaaaa'
Information: 29bbce locked by b73097f2-f45c-48cc-943d-34b5b221ccb2 and set title 'aaaaaaaaaaaaaaaaaaaaa'
Information: 29bbce locked by b73097f2-f45c-48cc-943d-34b5b221ccb2 and set title 'aaaaaaaaaaaaaaaaaaaaaa'
Information: b73097f2-f45c-48cc-943d-34b5b221ccb2 updated b73097f2-f45c-48cc-943d-34b5b221ccb2
Information: 29bbce locked by b73097f2-f45c-48cc-943d-34b5b221ccb2 and set title 'aaaaaaaaaaaaaaaaaaaaaaa'
Information: 29bbce locked by b73097f2-f45c-48cc-943d-34b5b221ccb2 and set title 'aaaaaaaaaaaaaaaaaaaaaaaa'
Information: 29bbce locked by b73097f2-f45c-48cc-943d-34b5b221ccb2 and set title 'aaaaaaaaaaaaaaaaaaaaaaaaa'
Information: 29bbce locked by b73097f2-f45c-48cc-943d-34b5b221ccb2 and set title 'aaaaaaaaaaaaaaaaaaaaaaaaaa'
Information: 29bbce locked by b73097f2-f45c-48cc-943d-34b5b221ccb2 and set title 'aaaaaaaaaaaaaaaaaaaaaaaaaaa'
Information: Connected 'b73097f2-f45c-48cc-943d-34b5b221ccb2: gaz '
Information: 29bbce locked by b73097f2-f45c-48cc-943d-34b5b221ccb2 and set title 'aaaaaaaaaaaaaaaaaaaaaaaaaaaaa'
Information: 29bbce locked by b73097f2-f45c-48cc-943d-34b5b221ccb2 and set title 'aaaaaaaaaaaaaaaaaaaaaaaaaaaaaa'
Information: 29bbce locked by b73097f2-f45c-48cc-943d-34b5b221ccb2 and set title 'aaaaaaaaaaaaaaaaaaaaaaaaaaaaaaa'
Information: 29bbce locked by b73097f2-f45c-48cc-943d-34b5b221ccb2 and set title 'aaaaaaaaaaaaaaaaaaaaaaaaaaaaaaaa'
Information: 29bbce locked by b73097f2-f45c-48cc-943d-34b5b221ccb2 and set title 'aaaaaaaaaaaaaaaaaaaaaaaaaaaaaaaaa'
Information: 29bbce locked by b73097f2-f45c-48cc-943d-34b5b221ccb2 and set title 'aaaaaaaaaaaaaaaaaaaaaaaaaaaaaaaaaa'
Information: 29bbce locked by b73097f2-f45c-48cc-943d-34b5b221ccb2 and set title 'aaaaaaaaaaaaaaaaaaaaaaaaaaaaaaaaaaa'
Information: 29bbce locked by b73097f2-f45c-48cc-943d-34b5b221ccb2 and set title 'aaaaaaaaaaaaaaaaaaaaaaaaaaaaaaaaaaaa'
Information: 29bbce locked by b73097f2-f45c-48cc-943d-34b5b221ccb2 and set title 'aaaaaaaaaaaaaaaaaaaaaaaaaaaaaaaaaaaaa'
Information: 29bbce locked by b73097f2-f45c-48cc-943d-34b5b221ccb2 and set title 'aaaaaaaaaaaaaaaaaaaaaaaaaaaaaaaaaaaaaa'
Information: 29bbce locked by b73097f2-f45c-48cc-943d-34b5b221ccb2 and set title 'aaaaaaaaaaaaaaaaaaaaaaaaaaaaaaaaaaaaaaa'
Information: 29bbce locked by b73097f2-f45c-48cc-943d-34b5b221ccb2 and set title 'aaaaaaaaaaaaaaaaaaaaaaaaaaaaaaaaaaaaaaaa'
Information: Connected '2c300940-3801-459a-810f-50f253576758: gaz [observer]'
Information: Connected '9e36b633-12de-474e-8512-67662f3df4ad: Bob [observer]'
Information: 29bbce locked by 2c300940-3801-459a-810f-50f253576758 and set title 's'
Information: 29bbce locked by 2c300940-3801-459a-810f-50f253576758 and set title 's'
Information: 29bbce locked by 2c300940-3801-459a-810f-50f253576758 and set title 'sd'
Information: 29bbce locked by 2c300940-3801-459a-810f-50f253576758 and set title 'sdas'
Information: 29bbce locked by 2c300940-3801-459a-810f-50f253576758 and set title 'sdasd'
Information: 29bbce locked by 2c300940-3801-459a-810f-50f253576758 and set title 'sdasda'
Information: 29bbce locked by 2c300940-3801-459a-810f-50f253576758 and set title 'sdasda'
Information: 2c300940-3801-459a-810f-50f253576758 updated 2c300940-3801-459a-810f-50f253576758
Information: 2c300940-3801-459a-810f-50f253576758 updated 9e36b633-12de-474e-8512-67662f3df4ad
Information: 29bbce locked by 2c300940-3801-459a-810f-50f253576758 and set title 'sdasdaa'
Information: 29bbce locked by 2c300940-3801-459a-810f-50f253576758 and set title 'sdasdaa'
Information: 29bbce locked by 2c300940-3801-459a-810f-50f253576758 and set title 'sdasdaa'
Information: 29bbce locked by 2c300940-3801-459a-810f-50f253576758 and set title 'N'
Information: 29bbce locked by 2c300940-3801-459a-810f-50f253576758 and set title 'N'
Information: 29bbce locked by 2c300940-3801-459a-810f-50f253576758 and set title 'Now'
Information: 29bbce locked by 2c300940-3801-459a-810f-50f253576758 and set title 'Now'
Information: 29bbce locked by 2c300940-3801-459a-810f-50f253576758 and set title 'Now '
Information: 29bbce locked by 2c300940-3801-459a-810f-50f253576758 and set title 'Now th'
Information: 29bbce locked by 2c300940-3801-459a-810f-50f253576758 and set title 'Now th'
Information: 29bbce locked by 2c300940-3801-459a-810f-50f253576758 and set title 'Now that'
Information: 29bbce locked by 2c300940-3801-459a-810f-50f253576758 and set title 'Now that'
Information: 29bbce locked by 2c300940-3801-459a-810f-50f253576758 and set title 'Now that '
Information: 29bbce locked by 2c300940-3801-459a-810f-50f253576758 and set title 'Now that we'
Information: 29bbce locked by 2c300940-3801-459a-810f-50f253576758 and set title 'Now that we '
Information: 29bbce locked by 2c300940-3801-459a-810f-50f253576758 and set title 'Now that we '
Information: 29bbce locked by 2c300940-3801-459a-810f-50f253576758 and set title 'Now that we h'
Information: 29bbce locked by 2c300940-3801-459a-810f-50f253576758 and set title 'Now that we ha'
Information: 29bbce locked by 2c300940-3801-459a-810f-50f253576758 and set title 'Now that we have'
Information: 29bbce locked by 2c300940-3801-459a-810f-50f253576758 and set title 'Now that we have'
Information: 29bbce locked by 2c300940-3801-459a-810f-50f253576758 and set title 'Now that we have '
Information: 29bbce locked by 2c300940-3801-459a-810f-50f253576758 and set title 'Now that we have yo'
Information: 29bbce locked by 2c300940-3801-459a-810f-50f253576758 and set title 'Now that we have you'
Information: 29bbce locked by 2c300940-3801-459a-810f-50f253576758 and set title 'Now that we have you '
Information: 29bbce locked by 2c300940-3801-459a-810f-50f253576758 and set title 'Now that we have you a'
Information: 29bbce locked by 2c300940-3801-459a-810f-50f253576758 and set title 'Now that we have you a'
Information: 29bbce locked by 2c300940-3801-459a-810f-50f253576758 and set title 'Now that we have you at'
Information: 29bbce locked by 2c300940-3801-459a-810f-50f253576758 and set title 'Now that we have you att'
Information: 29bbce locked by 2c300940-3801-459a-810f-50f253576758 and set title 'Now that we have you atte'
Information: 29bbce locked by 2c300940-3801-459a-810f-50f253576758 and set title 'Now that we have you atten'
Information: 29bbce locked by 2c300940-3801-459a-810f-50f253576758 and set title 'Now that we have you attensi'
Information: 29bbce locked by 2c300940-3801-459a-810f-50f253576758 and set title 'Now that we have you attensio'
Information: 29bbce locked by 2c300940-3801-459a-810f-50f253576758 and set title 'Now that we have you attensio'
Information: 29bbce locked by 2c300940-3801-459a-810f-50f253576758 and set title 'Now that we have you attension'
Information: 2c300940-3801-459a-810f-50f253576758 updated 9e36b633-12de-474e-8512-67662f3df4ad
Information: 29bbce locked by 2c300940-3801-459a-810f-50f253576758 and set title 'Now that we have you attension '
Information: 29bbce locked by 2c300940-3801-459a-810f-50f253576758 and set title 'Now that we have you attension '
Information: Disconnected '9e36b633-12de-474e-8512-67662f3df4ad'
Information: Connected '2dde4bd2-ac1f-4257-b96f-4dba907d88d1: Bob '
Information: 2dde4bd2-ac1f-4257-b96f-4dba907d88d1 updated 2dde4bd2-ac1f-4257-b96f-4dba907d88d1
Information: 2dde4bd2-ac1f-4257-b96f-4dba907d88d1 updated 2dde4bd2-ac1f-4257-b96f-4dba907d88d1
Information: 2dde4bd2-ac1f-4257-b96f-4dba907d88d1 updated 2dde4bd2-ac1f-4257-b96f-4dba907d88d1
Information: 2dde4bd2-ac1f-4257-b96f-4dba907d88d1 updated 2dde4bd2-ac1f-4257-b96f-4dba907d88d1
Information: 2dde4bd2-ac1f-4257-b96f-4dba907d88d1 updated 2dde4bd2-ac1f-4257-b96f-4dba907d88d1
Information: Connected '2c300940-3801-459a-810f-50f253576758: gaz [observer]'
Information: 29bbce locked by 2c300940-3801-459a-810f-50f253576758 and set title 'Now that we have you attention t'
Information: 29bbce locked by 2c300940-3801-459a-810f-50f253576758 and set title 'Now that we have you attention thi'
Information: 29bbce locked by 2c300940-3801-459a-810f-50f253576758 and set title 'Now that we have you attention this'
Information: 29bbce locked by 2c300940-3801-459a-810f-50f253576758 and set title 'Now that we have you attention this '
Information: 29bbce locked by 2c300940-3801-459a-810f-50f253576758 and set title 'Now that we have you attention this i'
Information: 29bbce locked by 2c300940-3801-459a-810f-50f253576758 and set title 'Now that we have you attention this is'
Information: 29bbce locked by 2c300940-3801-459a-810f-50f253576758 and set title 'Now that we have you attention this is'
Information: 29bbce locked by 2c300940-3801-459a-810f-50f253576758 and set title 'Now that we have you attention this is '
Information: 29bbce locked by 2c300940-3801-459a-810f-50f253576758 and set title 'Now that we have you attention this is a'
Information: 29bbce locked by 2c300940-3801-459a-810f-50f253576758 and set title 'Now that we have you attention this is a '
Information: 29bbce locked by 2c300940-3801-459a-810f-50f253576758 and set title 'Now that we have you attention this is a b'
Information: 29bbce locked by 2c300940-3801-459a-810f-50f253576758 and set title 'Now that we have you attention this is a bi'
Information: 29bbce locked by 2c300940-3801-459a-810f-50f253576758 and set title 'Now that we have you attention this is a bit'
Information: 29bbce locked by 2c300940-3801-459a-810f-50f253576758 and set title 'Now that we have you attention this is a bit '
Information: 29bbce locked by 2c300940-3801-459a-810f-50f253576758 and set title 'Now that we have you attention this is a bit o'
Information: 29bbce locked by 2c300940-3801-459a-810f-50f253576758 and set title 'Now that we have you attention this is a bit od'
Information: 29bbce locked by 2c300940-3801-459a-810f-50f253576758 and set title 'Now that we have you attention this is a bit odd'
Information: 29bbce locked by 2c300940-3801-459a-810f-50f253576758 and set title 'Now that we have you attention this is a bit odd
'
Information: 29bbce locked by 2c300940-3801-459a-810f-50f253576758 and set title 'Now that we have you attention this is a bit odd
t'
Information: 29bbce locked by 2c300940-3801-459a-810f-50f253576758 and set title 'Now that we have you attention this is a bit odd
the'
Information: 29bbce locked by 2c300940-3801-459a-810f-50f253576758 and set title 'Now that we have you attention this is a bit odd
the'
Information: 29bbce locked by 2c300940-3801-459a-810f-50f253576758 and set title 'Now that we have you attention this is a bit odd
the '
Information: 2dde4bd2-ac1f-4257-b96f-4dba907d88d1 updated 2dde4bd2-ac1f-4257-b96f-4dba907d88d1
Information: 29bbce locked by 2c300940-3801-459a-810f-50f253576758 and set title 'Now that we have you attention this is a bit odd
the  '
Information: 29bbce locked by 2c300940-3801-459a-810f-50f253576758 and set title 'Now that we have you attention this is a bit odd
the  re'
Information: 29bbce locked by 2c300940-3801-459a-810f-50f253576758 and set title 'Now that we have you attention this is a bit odd
the  re'
Information: 29bbce locked by 2c300940-3801-459a-810f-50f253576758 and set title 'Now that we have you attention this is a bit odd
the  rem'
Information: 29bbce locked by 2c300940-3801-459a-810f-50f253576758 and set title 'Now that we have you attention this is a bit odd
the  reme'
Information: 29bbce locked by 2c300940-3801-459a-810f-50f253576758 and set title 'Now that we have you attention this is a bit odd
the  remem'
Information: 29bbce locked by 2c300940-3801-459a-810f-50f253576758 and set title 'Now that we have you attention this is a bit odd
the  rememb'
Information: 29bbce locked by 2c300940-3801-459a-810f-50f253576758 and set title 'Now that we have you attention this is a bit odd
the  remember'
Information: 29bbce locked by 2c300940-3801-459a-810f-50f253576758 and set title 'Now that we have you attention this is a bit odd
the  remember'
Information: 29bbce locked by 2c300940-3801-459a-810f-50f253576758 and set title 'Now that we have you attention this is a bit odd
the  remembery'
Information: 29bbce locked by 2c300940-3801-459a-810f-50f253576758 and set title 'Now that we have you attention this is a bit odd
the  remembery '
Information: 29bbce locked by 2c300940-3801-459a-810f-50f253576758 and set title 'Now that we have you attention this is a bit odd
the  remember'
Information: 29bbce locked by 2c300940-3801-459a-810f-50f253576758 and set title 'Now that we have you attention this is a bit odd
the  remember'
Information: 29bbce locked by 2c300940-3801-459a-810f-50f253576758 and set title 'Now that we have you attention this is a bit odd
the  remember'
Information: 29bbce locked by 2c300940-3801-459a-810f-50f253576758 and set title 'I'
Information: 29bbce locked by 2c300940-3801-459a-810f-50f253576758 and set title 'I'
Information: 29bbce locked by 2c300940-3801-459a-810f-50f253576758 and set title 'Is'
Information: 29bbce locked by 2c300940-3801-459a-810f-50f253576758 and set title 'IsO'
Information: 29bbce locked by 2c300940-3801-459a-810f-50f253576758 and set title 'IsO'
Information: 29bbce locked by 2c300940-3801-459a-810f-50f253576758 and set title 'IsObj'
Information: 29bbce locked by 2c300940-3801-459a-810f-50f253576758 and set title 'IsObj'
Information: 29bbce locked by 2c300940-3801-459a-810f-50f253576758 and set title 'IsOb'
Information: 29bbce locked by 2c300940-3801-459a-810f-50f253576758 and set title 'IsObs'
Information: 29bbce locked by 2c300940-3801-459a-810f-50f253576758 and set title 'IsObse'
Information: 29bbce locked by 2c300940-3801-459a-810f-50f253576758 and set title 'IsObser'
Information: 29bbce locked by 2c300940-3801-459a-810f-50f253576758 and set title 'IsObserve'
Information: 29bbce locked by 2c300940-3801-459a-810f-50f253576758 and set title 'IsObserver'
Information: 29bbce locked by 2c300940-3801-459a-810f-50f253576758 and set title 'IsObserver'
Information: Disconnected '2c300940-3801-459a-810f-50f253576758'
Information: Connected '8da74ac2-868c-49ea-97e4-73797c8f986d: gaz '
Information: 29bbce locked by 8da74ac2-868c-49ea-97e4-73797c8f986d and set title 'IsObserver '
Information: Disconnected '8da74ac2-868c-49ea-97e4-73797c8f986d'
Information: Connected '74ccfd3a-0566-4b91-98eb-e701cce5c05b: gaz [observer]'
Information: 29bbce locked by 74ccfd3a-0566-4b91-98eb-e701cce5c05b and set title 'IsObserver'
Information: 29bbce locked by 74ccfd3a-0566-4b91-98eb-e701cce5c05b and set title 'IsObserver '
Information: 29bbce locked by 74ccfd3a-0566-4b91-98eb-e701cce5c05b and set title 'IsObserver th'
Information: 29bbce locked by 74ccfd3a-0566-4b91-98eb-e701cce5c05b and set title 'IsObserver th'
Information: 29bbce locked by 74ccfd3a-0566-4b91-98eb-e701cce5c05b and set title 'IsObserver this'
Information: 29bbce locked by 74ccfd3a-0566-4b91-98eb-e701cce5c05b and set title 'IsObserver this'
Information: 29bbce locked by 74ccfd3a-0566-4b91-98eb-e701cce5c05b and set title 'IsObserver this '
Information: 29bbce locked by 74ccfd3a-0566-4b91-98eb-e701cce5c05b and set title 'IsObserver this i'
Information: 29bbce locked by 74ccfd3a-0566-4b91-98eb-e701cce5c05b and set title 'IsObserver this is'
Information: 29bbce locked by 74ccfd3a-0566-4b91-98eb-e701cce5c05b and set title 'IsObserver this is '
Information: 29bbce locked by 74ccfd3a-0566-4b91-98eb-e701cce5c05b and set title 'IsObserver this is t'
Information: 29bbce locked by 74ccfd3a-0566-4b91-98eb-e701cce5c05b and set title 'IsObserver this is th'
Information: 29bbce locked by 74ccfd3a-0566-4b91-98eb-e701cce5c05b and set title 'IsObserver this is the'
Information: 29bbce locked by 74ccfd3a-0566-4b91-98eb-e701cce5c05b and set title 'IsObserver this is the '
Information: 29bbce locked by 74ccfd3a-0566-4b91-98eb-e701cce5c05b and set title 'IsObserver this is the m'
Information: 29bbce locked by 74ccfd3a-0566-4b91-98eb-e701cce5c05b and set title 'IsObserver this is the mai'
Information: 29bbce locked by 74ccfd3a-0566-4b91-98eb-e701cce5c05b and set title 'IsObserver this is the main'
Information: 29bbce locked by 74ccfd3a-0566-4b91-98eb-e701cce5c05b and set title 'IsObserver this is the main'
Information: 29bbce locked by 74ccfd3a-0566-4b91-98eb-e701cce5c05b and set title 'IsObserver this is the main '
Information: 29bbce locked by 74ccfd3a-0566-4b91-98eb-e701cce5c05b and set title 'IsObserver this is the main t'
Information: 29bbce locked by 74ccfd3a-0566-4b91-98eb-e701cce5c05b and set title 'IsObserver this is the main th'
Information: 29bbce locked by 74ccfd3a-0566-4b91-98eb-e701cce5c05b and set title 'IsObserver this is the main thin'
Information: 29bbce locked by 74ccfd3a-0566-4b91-98eb-e701cce5c05b and set title 'IsObserver this is the main thin'
Information: 29bbce locked by 74ccfd3a-0566-4b91-98eb-e701cce5c05b and set title 'IsObserver this is the main thing'
Information: Disconnected '2dde4bd2-ac1f-4257-b96f-4dba907d88d1'
Information: Connected 'fc38d646-341a-4a14-aa85-b7c106f79c34: Bob [observer]'
Information: Disconnected 'fc38d646-341a-4a14-aa85-b7c106f79c34'
Information: Connected '9216b2ce-a84f-4841-8271-41d5156e7428: Bob '
Information: Disconnected '9216b2ce-a84f-4841-8271-41d5156e7428'
Information: Connected '20725555-885a-4304-8096-61f0605000e5: Bob [observer]'
Information: Disconnected '20725555-885a-4304-8096-61f0605000e5'
Information: Connected 'd2cb2f6c-0ad3-4390-b78f-5289585513ea: Bob '
Information: Disconnected 'd2cb2f6c-0ad3-4390-b78f-5289585513ea'
Information: Connected '7fc47bd2-206b-4683-99c2-5c53e914d2d6: Bob [observer]'
Information: Disconnected '7fc47bd2-206b-4683-99c2-5c53e914d2d6'
Information: Connected '68f7d747-a75b-461d-ad9a-f00ac5a48cff: Bob '
Information: Disconnected '68f7d747-a75b-461d-ad9a-f00ac5a48cff'
Information: Connected '0dbf9723-0f94-4657-bacf-2828bcda1550: Bob [observer]'
Information: Disconnected '0dbf9723-0f94-4657-bacf-2828bcda1550'
Information: Connected '24323b72-59ca-4d7a-97e2-261e06575518: Bob '
Information: Connected '794ee903-4c31-4467-ab46-14f2314bf540: Bob [observer]'
Information: Connected '74ccfd3a-0566-4b91-98eb-e701cce5c05b: gaz '
Information: Disconnected '74ccfd3a-0566-4b91-98eb-e701cce5c05b'
Information: Connected '5a6350a1-dab8-4840-b3b7-f7487a07dca3: gaz [observer]'
Information: Disconnected '5a6350a1-dab8-4840-b3b7-f7487a07dca3'
Information: Connected '4bca47e5-b617-4a7a-88b9-81bb9dfef731: gaz '
Information: Disconnected '794ee903-4c31-4467-ab46-14f2314bf540'
Information: Connected 'f3f271d3-1933-4555-8269-352046a04e12: Bob '
Information: Disconnected 'f3f271d3-1933-4555-8269-352046a04e12'
Information: Connected 'ca111402-4ba3-4db3-90da-ed68d28061e7: Bob [observer]'
Information: Disconnected 'ca111402-4ba3-4db3-90da-ed68d28061e7'
Information: Connected '1a93db4b-b91c-40eb-887f-66414f7a7a6a: Bob '
Information: Disconnected '1a93db4b-b91c-40eb-887f-66414f7a7a6a'
Information: Connected '1391cbf8-6b5d-4c8a-baed-1400d374cf66: Bob [observer]'
Information: Disconnected '1391cbf8-6b5d-4c8a-baed-1400d374cf66'
Information: Connected '77e53deb-e072-48e4-9205-2e1eb396eb24: Bob '
Information: Disconnected '77e53deb-e072-48e4-9205-2e1eb396eb24'
Information: Connected 'dbf9459f-f7de-40a5-bb4a-05b7e5653fd0: Bob [observer]'
Information: Disconnected 'dbf9459f-f7de-40a5-bb4a-05b7e5653fd0'
Information: Connected '62003dc9-24f8-4356-9967-841110dc81e6: Bob '
Information: Connected '4bca47e5-b617-4a7a-88b9-81bb9dfef731: gaz '
Information: Connected '4bca47e5-b617-4a7a-88b9-81bb9dfef731: gaz '
Information: Connected '62003dc9-24f8-4356-9967-841110dc81e6: Bob '
Information: Disconnected '62003dc9-24f8-4356-9967-841110dc81e6'
Information: Connected '1e8ef604-172c-499d-82d3-0d84656007bf: Bob '
Information: Disconnected '1e8ef604-172c-499d-82d3-0d84656007bf'
Information: Connected 'db0d550d-9b38-4b30-9980-c5fc66480da0: Bob '
Information: Disconnected 'db0d550d-9b38-4b30-9980-c5fc66480da0'
Information: Connected 'd831c756-5759-47e2-84e3-1696002bc0bd: Bob '
Information: d831c756-5759-47e2-84e3-1696002bc0bd updated d831c756-5759-47e2-84e3-1696002bc0bd
Information: Disconnected 'd831c756-5759-47e2-84e3-1696002bc0bd'
Information: Connected '8b59a2e1-d646-4117-adac-c1b01f29ef69: Bob [observer]'
Information: Disconnected '8b59a2e1-d646-4117-adac-c1b01f29ef69'
Information: Connected '939818e4-252e-4ce5-9200-32177120051e: Bob [observer]'
Information: 29bbce locked by 4bca47e5-b617-4a7a-88b9-81bb9dfef731 and set title 'te'
Information: 29bbce locked by 4bca47e5-b617-4a7a-88b9-81bb9dfef731 and set title 'tes'
Information: 29bbce locked by 4bca47e5-b617-4a7a-88b9-81bb9dfef731 and set title 'test'
Information: 29bbce locked by 4bca47e5-b617-4a7a-88b9-81bb9dfef731 and set title 'test'
Information: 4bca47e5-b617-4a7a-88b9-81bb9dfef731 updated 4bca47e5-b617-4a7a-88b9-81bb9dfef731
Information: Disconnected '4bca47e5-b617-4a7a-88b9-81bb9dfef731'
Information: Connected '83edcb84-f123-49b5-9fef-1db475700656: gaz [observer]'
Information: Disconnected '83edcb84-f123-49b5-9fef-1db475700656'
Information: Connected 'fd7a1b39-943d-4d0f-b4c7-c334e102fe6f: gaz [observer]'
Information: 29bbce locked by fd7a1b39-943d-4d0f-b4c7-c334e102fe6f and set title 'testi'
Information: fd7a1b39-943d-4d0f-b4c7-c334e102fe6f updated 939818e4-252e-4ce5-9200-32177120051e
Information: 29bbce locked by fd7a1b39-943d-4d0f-b4c7-c334e102fe6f and set title 'testin'
Information: Disconnected 'fd7a1b39-943d-4d0f-b4c7-c334e102fe6f'
Information: Connected 'a17f8be6-e1f6-463e-8d57-ac4a62a1f63f: gaz [observer]'
